# JRE version: OpenJDK Runtime Environment (16.0.2+7) (build 16.0.2+7-67)
# Java VM: OpenJDK 64-Bit Server VM (16.0.2+7-67, mixed mode, tiered, compressed oops, compressed class ptrs, g1 gc, windows-amd64)
GC Precious Log:
 CPUs: 8 total, 8 available
 Memory: 7991M
 Large Page Support: Disabled
 NUMA Support: Disabled
 Compressed Oops: Enabled (32-bit)
 Heap Region Size: 1M
 Heap Min Capacity: 8M
 Heap Initial Capacity: 126M
 Heap Max Capacity: 1998M
 Pre-touch: Disabled
 Parallel Workers: 8
 Concurrent Workers: 2
 Concurrent Refinement Workers: 8
 Periodic GC: Disabled
Heap:
 garbage-first heap   total 55296K, used 17399K [0x0000000083200000, 0x0000000100000000)
  region size 1024K, 2 young (2048K), 1 survivors (1024K)
 Metaspace       used 28021K, committed 28288K, reserved 1081344K
  class space    used 2979K, committed 3136K, reserved 1048576K
GC Heap History (10 events):
Event: 2.405 GC heap before
{Heap before GC invocations=0 (full 0):
 garbage-first heap   total 129024K, used 27648K [0x0000000083200000, 0x0000000100000000)
  region size 1024K, 23 young (23552K), 0 survivors (0K)
 Metaspace       used 10268K, committed 10432K, reserved 1064960K
  class space    used 849K, committed 960K, reserved 1048576K
}
Event: 2.410 GC heap after
{Heap after GC invocations=1 (full 0):
 garbage-first heap   total 129024K, used 10089K [0x0000000083200000, 0x0000000100000000)
  region size 1024K, 3 young (3072K), 3 survivors (3072K)
 Metaspace       used 10268K, committed 10432K, reserved 1064960K
  class space    used 849K, committed 960K, reserved 1048576K
}
Event: 2.765 GC heap before
{Heap before GC invocations=1 (full 0):
 garbage-first heap   total 129024K, used 39785K [0x0000000083200000, 0x0000000100000000)
  region size 1024K, 32 young (32768K), 3 survivors (3072K)
 Metaspace       used 16233K, committed 16448K, reserved 1064960K
  class space    used 1487K, committed 1600K, reserved 1048576K
}
Event: 2.769 GC heap after
{Heap after GC invocations=2 (full 0):
 garbage-first heap   total 129024K, used 12535K [0x0000000083200000, 0x0000000100000000)
  region size 1024K, 2 young (2048K), 2 survivors (2048K)
 Metaspace       used 16233K, committed 16448K, reserved 1064960K
  class space    used 1487K, committed 1600K, reserved 1048576K
}
Event: 3.170 GC heap before
{Heap before GC invocations=2 (full 0):
 garbage-first heap   total 129024K, used 45303K [0x0000000083200000, 0x0000000100000000)
  region size 1024K, 35 young (35840K), 2 survivors (2048K)
 Metaspace       used 21140K, committed 21248K, reserved 1073152K
  class space    used 2094K, committed 2176K, reserved 1048576K
}
Event: 3.174 GC heap after
{Heap after GC invocations=3 (full 0):
 garbage-first heap   total 129024K, used 14639K [0x0000000083200000, 0x0000000100000000)
  region size 1024K, 4 young (4096K), 4 survivors (4096K)
 Metaspace       used 21140K, committed 21248K, reserved 1073152K
  class space    used 2094K, committed 2176K, reserved 1048576K
}
Event: 3.722 GC heap before
{Heap before GC invocations=4 (full 0):
 garbage-first heap   total 55296K, used 43311K [0x0000000083200000, 0x0000000100000000)
  region size 1024K, 32 young (32768K), 4 survivors (4096K)
 Metaspace       used 25440K, committed 25600K, reserved 1073152K
  class space    used 2650K, committed 2752K, reserved 1048576K
}
Event: 3.730 GC heap after
{Heap after GC invocations=5 (full 0):
 garbage-first heap   total 55296K, used 16475K [0x0000000083200000, 0x0000000100000000)
  region size 1024K, 2 young (2048K), 2 survivors (2048K)
 Metaspace       used 25440K, committed 25600K, reserved 1073152K
  class space    used 2650K, committed 2752K, reserved 1048576K
}
Event: 39.241 GC heap before
{Heap before GC invocations=5 (full 0):
 garbage-first heap   total 55296K, used 37979K [0x0000000083200000, 0x0000000100000000)
  region size 1024K, 24 young (24576K), 2 survivors (2048K)
 Metaspace       used 27997K, committed 28224K, reserved 1081344K
  class space    used 2977K, committed 3072K, reserved 1048576K
}
Event: 39.251 GC heap after
{Heap after GC invocations=6 (full 0):
 garbage-first heap   total 55296K, used 17399K [0x0000000083200000, 0x0000000100000000)
  region size 1024K, 1 young (1024K), 1 survivors (1024K)
 Metaspace       used 27997K, committed 28224K, reserved 1081344K
  class space    used 2977K, committed 3072K, reserved 1048576K
}

