# JRE version: OpenJDK Runtime Environment (16.0.2+7) (build 16.0.2+7-67)
# Java VM: OpenJDK 64-Bit Server VM (16.0.2+7-67, mixed mode, tiered, compressed oops, compressed class ptrs, g1 gc, windows-amd64)
GC Precious Log:
 CPUs: 8 total, 8 available
 Memory: 7991M
 Large Page Support: Disabled
 NUMA Support: Disabled
 Compressed Oops: Enabled (32-bit)
 Heap Region Size: 1M
 Heap Min Capacity: 8M
 Heap Initial Capacity: 126M
 Heap Max Capacity: 1998M
 Pre-touch: Disabled
 Parallel Workers: 8
 Concurrent Workers: 2
 Concurrent Refinement Workers: 8
 Periodic GC: Disabled
Heap:
 garbage-first heap   total 55296K, used 20063K [0x0000000083200000, 0x0000000100000000)
  region size 1024K, 5 young (5120K), 1 survivors (1024K)
 Metaspace       used 28014K, committed 28224K, reserved 1081344K
  class space    used 2977K, committed 3072K, reserved 1048576K
GC Heap History (10 events):
Event: 12.006 GC heap before
{Heap before GC invocations=0 (full 0):
 garbage-first heap   total 129024K, used 27648K [0x0000000083200000, 0x0000000100000000)
  region size 1024K, 23 young (23552K), 0 survivors (0K)
 Metaspace       used 10531K, committed 10688K, reserved 1064960K
  class space    used 878K, committed 960K, reserved 1048576K
}
Event: 12.010 GC heap after
{Heap after GC invocations=1 (full 0):
 garbage-first heap   total 129024K, used 10225K [0x0000000083200000, 0x0000000100000000)
  region size 1024K, 3 young (3072K), 3 survivors (3072K)
 Metaspace       used 10531K, committed 10688K, reserved 1064960K
  class space    used 878K, committed 960K, reserved 1048576K
}
Event: 12.404 GC heap before
{Heap before GC invocations=1 (full 0):
 garbage-first heap   total 129024K, used 39921K [0x0000000083200000, 0x0000000100000000)
  region size 1024K, 32 young (32768K), 3 survivors (3072K)
 Metaspace       used 16463K, committed 16640K, reserved 1064960K
  class space    used 1512K, committed 1600K, reserved 1048576K
}
Event: 12.410 GC heap after
{Heap after GC invocations=2 (full 0):
 garbage-first heap   total 129024K, used 12597K [0x0000000083200000, 0x0000000100000000)
  region size 1024K, 3 young (3072K), 3 survivors (3072K)
 Metaspace       used 16463K, committed 16640K, reserved 1064960K
  class space    used 1512K, committed 1600K, reserved 1048576K
}
Event: 12.811 GC heap before
{Heap before GC invocations=2 (full 0):
 garbage-first heap   total 129024K, used 45365K [0x0000000083200000, 0x0000000100000000)
  region size 1024K, 36 young (36864K), 3 survivors (3072K)
 Metaspace       used 21101K, committed 21248K, reserved 1073152K
  class space    used 2091K, committed 2176K, reserved 1048576K
}
Event: 12.816 GC heap after
{Heap after GC invocations=3 (full 0):
 garbage-first heap   total 129024K, used 14498K [0x0000000083200000, 0x0000000100000000)
  region size 1024K, 4 young (4096K), 4 survivors (4096K)
 Metaspace       used 21101K, committed 21248K, reserved 1073152K
  class space    used 2091K, committed 2176K, reserved 1048576K
}
Event: 13.368 GC heap before
{Heap before GC invocations=4 (full 0):
 garbage-first heap   total 55296K, used 42146K [0x0000000083200000, 0x0000000100000000)
  region size 1024K, 32 young (32768K), 4 survivors (4096K)
 Metaspace       used 25257K, committed 25472K, reserved 1073152K
  class space    used 2617K, committed 2688K, reserved 1048576K
}
Event: 13.384 GC heap after
{Heap after GC invocations=5 (full 0):
 garbage-first heap   total 55296K, used 16310K [0x0000000083200000, 0x0000000100000000)
  region size 1024K, 2 young (2048K), 2 survivors (2048K)
 Metaspace       used 25257K, committed 25472K, reserved 1073152K
  class space    used 2617K, committed 2688K, reserved 1048576K
}
Event: 37.160 GC heap before
{Heap before GC invocations=5 (full 0):
 garbage-first heap   total 55296K, used 36790K [0x0000000083200000, 0x0000000100000000)
  region size 1024K, 23 young (23552K), 2 survivors (2048K)
 Metaspace       used 27871K, committed 28096K, reserved 1081344K
  class space    used 2958K, committed 3072K, reserved 1048576K
}
Event: 37.167 GC heap after
{Heap after GC invocations=6 (full 0):
 garbage-first heap   total 55296K, used 16991K [0x0000000083200000, 0x0000000100000000)
  region size 1024K, 1 young (1024K), 1 survivors (1024K)
 Metaspace       used 27871K, committed 28096K, reserved 1081344K
  class space    used 2958K, committed 3072K, reserved 1048576K
}

